2019-09-03 06:50:59.649  INFO 61260 --- [main] com.cloud.SpringbootMybatisApplication   : Starting SpringbootMybatisApplication on LAPTOP-RJJ1MHRM with PID 61260 (C:\Users\Administrator\Desktop\qiufengliang-springboot-mybaits-master\springboot-mybaits\Springboot-Mybatis\target\classes started by Administrator in C:\Users\Administrator\Desktop\qiufengliang-springboot-mybaits-master\springboot-mybaits\Springboot-Mybatis)
2019-09-03 06:50:59.667 DEBUG 61260 --- [main] com.cloud.SpringbootMybatisApplication   : Running with Spring Boot v2.0.5.RELEASE, Spring v5.0.9.RELEASE
2019-09-03 06:50:59.671  INFO 61260 --- [main] com.cloud.SpringbootMybatisApplication   : No active profile set, falling back to default profiles: default
2019-09-03 06:50:59.774  INFO 61260 --- [main] ConfigServletWebServerApplicationContext : Refreshing org.springframework.boot.web.servlet.context.AnnotationConfigServletWebServerApplicationContext@460d0a57: startup date [Tue Sep 03 06:50:59 CST 2019]; root of context hierarchy
2019-09-03 06:51:01.239  INFO 61260 --- [main] o.s.b.f.s.DefaultListableBeanFactory     : Overriding bean definition for bean 'passwordEncoder' with a different definition: replacing [Root bean: class [null]; scope=; abstract=false; lazyInit=false; autowireMode=3; dependencyCheck=0; autowireCandidate=true; primary=false; factoryBeanName=passwordEncoderConfig; factoryMethodName=passwordEncoder; initMethodName=null; destroyMethodName=(inferred); defined in class path resource [com/cloud/config/PasswordEncoderConfig.class]] with [Root bean: class [null]; scope=; abstract=false; lazyInit=false; autowireMode=3; dependencyCheck=0; autowireCandidate=true; primary=false; factoryBeanName=resourceServerConfig; factoryMethodName=passwordEncoder; initMethodName=null; destroyMethodName=(inferred); defined in class path resource [com/cloud/config/ResourceServerConfig.class]]
2019-09-03 06:51:02.186  INFO 61260 --- [main] trationDelegate$BeanPostProcessorChecker : Bean 'org.springframework.security.config.annotation.configuration.ObjectPostProcessorConfiguration' of type [org.springframework.security.config.annotation.configuration.ObjectPostProcessorConfiguration$$EnhancerBySpringCGLIB$$dd1f40d2] is not eligible for getting processed by all BeanPostProcessors (for example: not eligible for auto-proxying)
2019-09-03 06:51:02.197  INFO 61260 --- [main] trationDelegate$BeanPostProcessorChecker : Bean 'org.springframework.transaction.annotation.ProxyTransactionManagementConfiguration' of type [org.springframework.transaction.annotation.ProxyTransactionManagementConfiguration$$EnhancerBySpringCGLIB$$44717898] is not eligible for getting processed by all BeanPostProcessors (for example: not eligible for auto-proxying)
2019-09-03 06:51:02.255  INFO 61260 --- [main] trationDelegate$BeanPostProcessorChecker : Bean 'objectPostProcessor' of type [org.springframework.security.config.annotation.configuration.AutowireBeanFactoryObjectPostProcessor] is not eligible for getting processed by all BeanPostProcessors (for example: not eligible for auto-proxying)
2019-09-03 06:51:02.258  INFO 61260 --- [main] trationDelegate$BeanPostProcessorChecker : Bean 'org.springframework.security.access.expression.method.DefaultMethodSecurityExpressionHandler@59532566' of type [org.springframework.security.access.expression.method.DefaultMethodSecurityExpressionHandler] is not eligible for getting processed by all BeanPostProcessors (for example: not eligible for auto-proxying)
2019-09-03 06:51:02.270  INFO 61260 --- [main] trationDelegate$BeanPostProcessorChecker : Bean 'org.springframework.security.config.annotation.method.configuration.GlobalMethodSecurityConfiguration' of type [org.springframework.security.config.annotation.method.configuration.GlobalMethodSecurityConfiguration$$EnhancerBySpringCGLIB$$1f3e384] is not eligible for getting processed by all BeanPostProcessors (for example: not eligible for auto-proxying)
2019-09-03 06:51:02.283  INFO 61260 --- [main] trationDelegate$BeanPostProcessorChecker : Bean 'methodSecurityMetadataSource' of type [org.springframework.security.access.method.DelegatingMethodSecurityMetadataSource] is not eligible for getting processed by all BeanPostProcessors (for example: not eligible for auto-proxying)
2019-09-03 06:51:03.670  INFO 61260 --- [main] o.s.b.w.embedded.tomcat.TomcatWebServer  : Tomcat initialized with port(s): 8080 (http)
2019-09-03 06:51:03.724  INFO 61260 --- [main] o.apache.catalina.core.StandardService   : Starting service [Tomcat]
2019-09-03 06:51:03.725  INFO 61260 --- [main] org.apache.catalina.core.StandardEngine  : Starting Servlet Engine: Apache Tomcat/8.5.34
2019-09-03 06:51:03.743  INFO 61260 --- [localhost-startStop-1] o.a.catalina.core.AprLifecycleListener   : The APR based Apache Tomcat Native library which allows optimal performance in production environments was not found on the java.library.path: [C:\Java\jdk1.8.0_131\bin;C:\WINDOWS\Sun\Java\bin;C:\WINDOWS\system32;C:\WINDOWS;C:/Program Files/Java/jre1.8.0_161/bin/server;C:/Program Files/Java/jre1.8.0_161/bin;C:/Program Files/Java/jre1.8.0_161/lib/amd64;C:\ProgramData\DockerDesktop\version-bin;C:\Program Files\Docker\Docker\Resources\bin;C:\python3\Scripts\;C:\python3\;C:\ProgramData\Oracle\Java\javapath;C:\Program Files (x86)\Common Files\NetSarang;C:\Program Files (x86)\Intel\iCLS Client\;C:\Program Files\Intel\iCLS Client\;C:\Windows\system32;C:\Windows;C:\Windows\System32\Wbem;C:\Windows\System32\WindowsPowerShell\v1.0\;C:\Program Files (x86)\Intel\Intel(R) Management Engine Components\DAL;C:\Program Files\Intel\Intel(R) Management Engine Components\DAL;C:\Program Files (x86)\Intel\Intel(R) Management Engine Components\IPT;C:\Program Files\Intel\Intel(R) Management Engine Components\IPT;C:\Program Files (x86)\NVIDIA Corporation\PhysX\Common;C:\WINDOWS\system32;C:\WINDOWS;C:\WINDOWS\System32\Wbem;C:\WINDOWS\System32\WindowsPowerShell\v1.0\;C:\Java\jdk1.8.0_131\bin;C:\Git\cmd;D:\apache-maven-3.5.3\bin;D:\mysql-5.7.22-winx64\mysql-5.7.22-winx64\bin;C:\WINDOWS\System32\OpenSSH\;C:\python3;C:\python3\Scripts;C:\Users\Administrator\AppData\Local\Microsoft\WindowsApps;C:\Users\Administrator\AppData\Local\GitHubDesktop\bin;C:\Users\Administrator\Desktop\springtool\sts-bundle\sts-3.8.1.RELEASE;;.]
2019-09-03 06:51:03.973  INFO 61260 --- [localhost-startStop-1] o.a.c.c.C.[Tomcat].[localhost].[/]       : Initializing Spring embedded WebApplicationContext
2019-09-03 06:51:03.973  INFO 61260 --- [localhost-startStop-1] o.s.web.context.ContextLoader            : Root WebApplicationContext: initialization completed in 4199 ms
2019-09-03 06:51:04.237  INFO 61260 --- [localhost-startStop-1] o.s.b.w.servlet.FilterRegistrationBean   : Mapping filter: 'characterEncodingFilter' to: [/*]
2019-09-03 06:51:04.238  INFO 61260 --- [localhost-startStop-1] o.s.b.w.servlet.FilterRegistrationBean   : Mapping filter: 'hiddenHttpMethodFilter' to: [/*]
2019-09-03 06:51:04.238  INFO 61260 --- [localhost-startStop-1] o.s.b.w.servlet.FilterRegistrationBean   : Mapping filter: 'httpPutFormContentFilter' to: [/*]
2019-09-03 06:51:04.238  INFO 61260 --- [localhost-startStop-1] o.s.b.w.servlet.FilterRegistrationBean   : Mapping filter: 'requestContextFilter' to: [/*]
2019-09-03 06:51:04.239  INFO 61260 --- [localhost-startStop-1] .s.DelegatingFilterProxyRegistrationBean : Mapping filter: 'springSecurityFilterChain' to: [/*]
2019-09-03 06:51:04.240  INFO 61260 --- [localhost-startStop-1] o.s.b.w.servlet.FilterRegistrationBean   : Mapping filter: 'corsFilter' to: [/*]
2019-09-03 06:51:04.240  INFO 61260 --- [localhost-startStop-1] o.s.b.w.servlet.ServletRegistrationBean  : Servlet dispatcherServlet mapped to [/]
2019-09-03 06:51:06.555  INFO 61260 --- [main] .s.o.p.e.FrameworkEndpointHandlerMapping : Mapped "{[/oauth/authorize]}" onto public org.springframework.web.servlet.ModelAndView org.springframework.security.oauth2.provider.endpoint.AuthorizationEndpoint.authorize(java.util.Map<java.lang.String, java.lang.Object>,java.util.Map<java.lang.String, java.lang.String>,org.springframework.web.bind.support.SessionStatus,java.security.Principal)
2019-09-03 06:51:06.557  INFO 61260 --- [main] .s.o.p.e.FrameworkEndpointHandlerMapping : Mapped "{[/oauth/authorize],methods=[POST],params=[user_oauth_approval]}" onto public org.springframework.web.servlet.View org.springframework.security.oauth2.provider.endpoint.AuthorizationEndpoint.approveOrDeny(java.util.Map<java.lang.String, java.lang.String>,java.util.Map<java.lang.String, ?>,org.springframework.web.bind.support.SessionStatus,java.security.Principal)
2019-09-03 06:51:06.561  INFO 61260 --- [main] .s.o.p.e.FrameworkEndpointHandlerMapping : Mapped "{[/oauth/token],methods=[GET]}" onto public org.springframework.http.ResponseEntity<org.springframework.security.oauth2.common.OAuth2AccessToken> org.springframework.security.oauth2.provider.endpoint.TokenEndpoint.getAccessToken(java.security.Principal,java.util.Map<java.lang.String, java.lang.String>) throws org.springframework.web.HttpRequestMethodNotSupportedException
2019-09-03 06:51:06.561  INFO 61260 --- [main] .s.o.p.e.FrameworkEndpointHandlerMapping : Mapped "{[/oauth/token],methods=[POST]}" onto public org.springframework.http.ResponseEntity<org.springframework.security.oauth2.common.OAuth2AccessToken> org.springframework.security.oauth2.provider.endpoint.TokenEndpoint.postAccessToken(java.security.Principal,java.util.Map<java.lang.String, java.lang.String>) throws org.springframework.web.HttpRequestMethodNotSupportedException
2019-09-03 06:51:06.563  INFO 61260 --- [main] .s.o.p.e.FrameworkEndpointHandlerMapping : Mapped "{[/oauth/check_token]}" onto public java.util.Map<java.lang.String, ?> org.springframework.security.oauth2.provider.endpoint.CheckTokenEndpoint.checkToken(java.lang.String)
2019-09-03 06:51:06.564  INFO 61260 --- [main] .s.o.p.e.FrameworkEndpointHandlerMapping : Mapped "{[/oauth/confirm_access]}" onto public org.springframework.web.servlet.ModelAndView org.springframework.security.oauth2.provider.endpoint.WhitelabelApprovalEndpoint.getAccessConfirmation(java.util.Map<java.lang.String, java.lang.Object>,javax.servlet.http.HttpServletRequest) throws java.lang.Exception
2019-09-03 06:51:06.565  INFO 61260 --- [main] .s.o.p.e.FrameworkEndpointHandlerMapping : Mapped "{[/oauth/error]}" onto public org.springframework.web.servlet.ModelAndView org.springframework.security.oauth2.provider.endpoint.WhitelabelErrorEndpoint.handleError(javax.servlet.http.HttpServletRequest)
2019-09-03 06:51:06.572  INFO 61260 --- [main] .s.o.p.e.FrameworkEndpointHandlerMapping : Mapped "{[/oauth/token_key],methods=[GET]}" onto public java.util.Map<java.lang.String, java.lang.String> org.springframework.security.oauth2.provider.endpoint.TokenKeyEndpoint.getKey(java.security.Principal)
2019-09-03 06:51:06.641  INFO 61260 --- [main] s.w.s.m.m.a.RequestMappingHandlerMapping : Mapped "{[/api-b/blackIPs],methods=[DELETE]}" onto public void com.cloud.backend.controller.BlackIPController.delete(java.lang.String)
2019-09-03 06:51:06.642  INFO 61260 --- [main] s.w.s.m.m.a.RequestMappingHandlerMapping : Mapped "{[/api-b/blackIPs],methods=[POST]}" onto public void com.cloud.backend.controller.BlackIPController.save(com.cloud.backend.model.BlackIP)
2019-09-03 06:51:06.642  INFO 61260 --- [main] s.w.s.m.m.a.RequestMappingHandlerMapping : Mapped "{[/api-b/backend-anon/internal/blackIPs],methods=[GET]}" onto public java.util.Set<java.lang.String> com.cloud.backend.controller.BlackIPController.findAllBlackIPs(java.util.Map<java.lang.String, java.lang.Object>)
2019-09-03 06:51:06.643  INFO 61260 --- [main] s.w.s.m.m.a.RequestMappingHandlerMapping : Mapped "{[/api-b/blackIPs],methods=[GET]}" onto public com.cloud.util.Page<com.cloud.backend.model.BlackIP> com.cloud.backend.controller.BlackIPController.findBlackIPs(java.util.Map<java.lang.String, java.lang.Object>)
2019-09-03 06:51:06.647  INFO 61260 --- [main] s.w.s.m.m.a.RequestMappingHandlerMapping : Mapped "{[/api-b/mails],methods=[PUT]}" onto public com.cloud.util.Mail com.cloud.backend.controller.MailController.update(com.cloud.util.Mail,java.lang.Boolean)
2019-09-03 06:51:06.647  INFO 61260 --- [main] s.w.s.m.m.a.RequestMappingHandlerMapping : Mapped "{[/api-b/mails],methods=[POST]}" onto public com.cloud.util.Mail com.cloud.backend.controller.MailController.save(com.cloud.util.Mail,java.lang.Boolean)
2019-09-03 06:51:06.647  INFO 61260 --- [main] s.w.s.m.m.a.RequestMappingHandlerMapping : Mapped "{[/api-b/mails/{id}],methods=[GET]}" onto public com.cloud.util.Mail com.cloud.backend.controller.MailController.findById(java.lang.Long)
2019-09-03 06:51:06.648  INFO 61260 --- [main] s.w.s.m.m.a.RequestMappingHandlerMapping : Mapped "{[/api-b/mails],methods=[GET]}" onto public com.cloud.util.Page<com.cloud.util.Mail> com.cloud.backend.controller.MailController.findMails(java.util.Map<java.lang.String, java.lang.Object>)
2019-09-03 06:51:06.653  INFO 61260 --- [main] s.w.s.m.m.a.RequestMappingHandlerMapping : Mapped "{[/api-b/menus],methods=[PUT]}" onto public com.cloud.backend.model.Menu com.cloud.backend.controller.MenuController.update(com.cloud.backend.model.Menu)
2019-09-03 06:51:06.653  INFO 61260 --- [main] s.w.s.m.m.a.RequestMappingHandlerMapping : Mapped "{[/api-b/menus/{id}],methods=[DELETE]}" onto public void com.cloud.backend.controller.MenuController.delete(java.lang.Long)
2019-09-03 06:51:06.654  INFO 61260 --- [main] s.w.s.m.m.a.RequestMappingHandlerMapping : Mapped "{[/api-b/menus],methods=[POST]}" onto public com.cloud.backend.model.Menu com.cloud.backend.controller.MenuController.save(com.cloud.backend.model.Menu)
2019-09-03 06:51:06.654  INFO 61260 --- [main] s.w.s.m.m.a.RequestMappingHandlerMapping : Mapped "{[/api-b/menus],methods=[GET],params=[roleId]}" onto public java.util.Set<java.lang.Long> com.cloud.backend.controller.MenuController.findMenuIdsByRoleId(java.lang.Long)
2019-09-03 06:51:06.654  INFO 61260 --- [main] s.w.s.m.m.a.RequestMappingHandlerMapping : Mapped "{[/api-b/menus/{id}],methods=[GET]}" onto public com.cloud.backend.model.Menu com.cloud.backend.controller.MenuController.findById(java.lang.Long)
2019-09-03 06:51:06.655  INFO 61260 --- [main] s.w.s.m.m.a.RequestMappingHandlerMapping : Mapped "{[/api-b/menus/me],methods=[GET]}" onto public java.util.List<com.cloud.backend.model.Menu> com.cloud.backend.controller.MenuController.findMyMenu()
2019-09-03 06:51:06.655  INFO 61260 --- [main] s.w.s.m.m.a.RequestMappingHandlerMapping : Mapped "{[/api-b/menus/tree],methods=[GET]}" onto public java.util.List<com.cloud.backend.model.Menu> com.cloud.backend.controller.MenuController.findMenuTree()
2019-09-03 06:51:06.656  INFO 61260 --- [main] s.w.s.m.m.a.RequestMappingHandlerMapping : Mapped "{[/api-b/menus/all],methods=[GET]}" onto public java.util.List<com.cloud.backend.model.Menu> com.cloud.backend.controller.MenuController.findAll()
2019-09-03 06:51:06.656  INFO 61260 --- [main] s.w.s.m.m.a.RequestMappingHandlerMapping : Mapped "{[/api-b/menus/toRole],methods=[POST]}" onto public void com.cloud.backend.controller.MenuController.setMenuToRole(java.lang.Long,java.util.Set<java.lang.Long>)
2019-09-03 06:51:06.659  INFO 61260 --- [main] s.w.s.m.m.a.RequestMappingHandlerMapping : Mapped "{[/sys/logout],methods=[GET]}" onto public void com.cloud.gateway.controller.TokenController.logout(java.lang.String,java.lang.String)
2019-09-03 06:51:06.660  INFO 61260 --- [main] s.w.s.m.m.a.RequestMappingHandlerMapping : Mapped "{[/sys/login],methods=[POST]}" onto public java.util.Map<java.lang.String, java.lang.Object> com.cloud.gateway.controller.TokenController.login(java.lang.String,java.lang.String)
2019-09-03 06:51:06.660  INFO 61260 --- [main] s.w.s.m.m.a.RequestMappingHandlerMapping : Mapped "{[/sys/refresh_token],methods=[POST]}" onto public java.util.Map<java.lang.String, java.lang.Object> com.cloud.gateway.controller.TokenController.refresh_token(java.lang.String)
2019-09-03 06:51:06.661  INFO 61260 --- [main] s.w.s.m.m.a.RequestMappingHandlerMapping : Mapped "{[/sys/login-wechat],methods=[POST]}" onto public java.util.Map<java.lang.String, java.lang.Object> com.cloud.gateway.controller.TokenController.smsLogin(java.lang.String,java.lang.String)
2019-09-03 06:51:06.661  INFO 61260 --- [main] s.w.s.m.m.a.RequestMappingHandlerMapping : Mapped "{[/sys/login-sms],methods=[POST]}" onto public java.util.Map<java.lang.String, java.lang.Object> com.cloud.gateway.controller.TokenController.smsLogin(java.lang.String,java.lang.String,java.lang.String)
2019-09-03 06:51:06.663  INFO 61260 --- [main] s.w.s.m.m.a.RequestMappingHandlerMapping : Mapped "{[/notification-anon/internal/phone],methods=[GET],params=[key && code]}" onto public java.lang.String com.cloud.notification.controller.SmsController.matcheCodeAndGetPhone(java.lang.String,java.lang.String,java.lang.Boolean,java.lang.Integer)
2019-09-03 06:51:06.663  INFO 61260 --- [main] s.w.s.m.m.a.RequestMappingHandlerMapping : Mapped "{[/notification-anon/codes],methods=[POST],params=[phone]}" onto public com.cloud.notification.model.VerificationCode com.cloud.notification.controller.SmsController.sendSmsVerificationCode(java.lang.String)
2019-09-03 06:51:06.664  INFO 61260 --- [main] s.w.s.m.m.a.RequestMappingHandlerMapping : Mapped "{[/sms],methods=[GET]}" onto public com.cloud.util.Page<com.cloud.notification.model.Sms> com.cloud.notification.controller.SmsController.findSms(java.util.Map<java.lang.String, java.lang.Object>)
2019-09-03 06:51:06.666  INFO 61260 --- [main] s.w.s.m.m.a.RequestMappingHandlerMapping : Mapped "{[/clients],methods=[PUT]}" onto public void com.cloud.oauth.controller.ClientController.update(org.springframework.security.oauth2.provider.client.BaseClientDetails)
2019-09-03 06:51:06.666  INFO 61260 --- [main] s.w.s.m.m.a.RequestMappingHandlerMapping : Mapped "{[/clients/{clientId}],methods=[DELETE]}" onto public void com.cloud.oauth.controller.ClientController.delete(java.lang.String)
2019-09-03 06:51:06.667  INFO 61260 --- [main] s.w.s.m.m.a.RequestMappingHandlerMapping : Mapped "{[/clients],methods=[POST]}" onto public void com.cloud.oauth.controller.ClientController.save(org.springframework.security.oauth2.provider.client.BaseClientDetails)
2019-09-03 06:51:06.667  INFO 61260 --- [main] s.w.s.m.m.a.RequestMappingHandlerMapping : Mapped "{[/clients],methods=[GET]}" onto public com.cloud.util.Page<org.springframework.security.oauth2.provider.ClientDetails> com.cloud.oauth.controller.ClientController.findClients()
2019-09-03 06:51:06.667  INFO 61260 --- [main] s.w.s.m.m.a.RequestMappingHandlerMapping : Mapped "{[/clients/{clientId}],methods=[GET]}" onto public org.springframework.security.oauth2.provider.ClientDetails com.cloud.oauth.controller.ClientController.getById(java.lang.String)
2019-09-03 06:51:06.668  INFO 61260 --- [main] s.w.s.m.m.a.RequestMappingHandlerMapping : Mapped "{[/clients/{clientId}],methods=[PUT],params=[secret]}" onto public void com.cloud.oauth.controller.ClientController.updateSecret(java.lang.String,java.lang.String)
2019-09-03 06:51:06.669  INFO 61260 --- [main] s.w.s.m.m.a.RequestMappingHandlerMapping : Mapped "{[/user-me],methods=[GET]}" onto public org.springframework.security.core.Authentication com.cloud.oauth.controller.OAuth2Controller.principal()
2019-09-03 06:51:06.669  INFO 61260 --- [main] s.w.s.m.m.a.RequestMappingHandlerMapping : Mapped "{[/remove_token],methods=[DELETE],params=[access_token]}" onto public void com.cloud.oauth.controller.OAuth2Controller.removeToken(java.lang.String)
2019-09-03 06:51:06.673  INFO 61260 --- [main] s.w.s.m.m.a.RequestMappingHandlerMapping : Mapped "{[/api-u/permissions],methods=[PUT]}" onto public com.cloud.user.model.SysPermission com.cloud.user.controller.SysPermissionController.update(com.cloud.user.model.SysPermission)
2019-09-03 06:51:06.674  INFO 61260 --- [main] s.w.s.m.m.a.RequestMappingHandlerMapping : Mapped "{[/api-u/permissions/{id}],methods=[DELETE]}" onto public void com.cloud.user.controller.SysPermissionController.delete(java.lang.Long)
2019-09-03 06:51:06.674  INFO 61260 --- [main] s.w.s.m.m.a.RequestMappingHandlerMapping : Mapped "{[/api-u/permissions],methods=[POST]}" onto public com.cloud.user.model.SysPermission com.cloud.user.controller.SysPermissionController.save(com.cloud.user.model.SysPermission)
2019-09-03 06:51:06.674  INFO 61260 --- [main] s.w.s.m.m.a.RequestMappingHandlerMapping : Mapped "{[/api-u/permissions],methods=[GET]}" onto public com.cloud.util.Page<com.cloud.user.model.SysPermission> com.cloud.user.controller.SysPermissionController.findPermissions(java.util.Map<java.lang.String, java.lang.Object>)
2019-09-03 06:51:06.677  INFO 61260 --- [main] s.w.s.m.m.a.RequestMappingHandlerMapping : Mapped "{[/api-u/roles],methods=[PUT]}" onto public com.cloud.user.model.SysRole com.cloud.user.controller.SysRoleController.update(com.cloud.user.model.SysRole)
2019-09-03 06:51:06.677  INFO 61260 --- [main] s.w.s.m.m.a.RequestMappingHandlerMapping : Mapped "{[/api-u/roles],methods=[POST]}" onto public com.cloud.user.model.SysRole com.cloud.user.controller.SysRoleController.save(com.cloud.user.model.SysRole)
2019-09-03 06:51:06.678  INFO 61260 --- [main] s.w.s.m.m.a.RequestMappingHandlerMapping : Mapped "{[/api-u/roles/{id}/permissions],methods=[GET]}" onto public java.util.Set<com.cloud.user.model.SysPermission> com.cloud.user.controller.SysRoleController.findPermissionsByRoleId(java.lang.Long)
2019-09-03 06:51:06.678  INFO 61260 --- [main] s.w.s.m.m.a.RequestMappingHandlerMapping : Mapped "{[/api-u/roles/{id}/permissions],methods=[POST]}" onto public void com.cloud.user.controller.SysRoleController.setPermissionToRole(java.lang.Long,java.util.Set<java.lang.Long>)
2019-09-03 06:51:06.678  INFO 61260 --- [main] s.w.s.m.m.a.RequestMappingHandlerMapping : Mapped "{[/api-u/roles/{id}],methods=[GET]}" onto public com.cloud.user.model.SysRole com.cloud.user.controller.SysRoleController.findById(java.lang.Long)
2019-09-03 06:51:06.679  INFO 61260 --- [main] s.w.s.m.m.a.RequestMappingHandlerMapping : Mapped "{[/api-u/roles],methods=[GET]}" onto public com.cloud.util.Page<com.cloud.user.model.SysRole> com.cloud.user.controller.SysRoleController.findRoles(java.util.Map<java.lang.String, java.lang.Object>)
2019-09-03 06:51:06.679  INFO 61260 --- [main] s.w.s.m.m.a.RequestMappingHandlerMapping : Mapped "{[/api-u/roles/{id}],methods=[DELETE]}" onto public void com.cloud.user.controller.SysRoleController.deleteRole(java.lang.Long)
2019-09-03 06:51:06.683  INFO 61260 --- [main] s.w.s.m.m.a.RequestMappingHandlerMapping : Mapped "{[/api-u/users-anon/register],methods=[POST]}" onto public com.cloud.user.model.AppUser com.cloud.user.controller.UserController.register(com.cloud.user.model.AppUser)
2019-09-03 06:51:06.684  INFO 61260 --- [main] s.w.s.m.m.a.RequestMappingHandlerMapping : Mapped "{[/api-u/users/{id}/roles],methods=[GET]}" onto public java.util.Set<com.cloud.user.model.SysRole> com.cloud.user.controller.UserController.findRolesByUserId(java.lang.Long)
2019-09-03 06:51:06.684  INFO 61260 --- [main] s.w.s.m.m.a.RequestMappingHandlerMapping : Mapped "{[/api-u/users/current],methods=[GET]}" onto public com.cloud.user.model.LoginAppUser com.cloud.user.controller.UserController.getLoginAppUser()
2019-09-03 06:51:06.685  INFO 61260 --- [main] s.w.s.m.m.a.RequestMappingHandlerMapping : Mapped "{[/api-u/users/{id}/roles],methods=[POST]}" onto public void com.cloud.user.controller.UserController.setRoleToUser(java.lang.Long,java.util.Set<java.lang.Long>)
2019-09-03 06:51:06.685  INFO 61260 --- [main] s.w.s.m.m.a.RequestMappingHandlerMapping : Mapped "{[/api-u/users/password],methods=[PUT],params=[oldPassword && newPassword]}" onto public void com.cloud.user.controller.UserController.updatePassword(java.lang.String,java.lang.String)
2019-09-03 06:51:06.685  INFO 61260 --- [main] s.w.s.m.m.a.RequestMappingHandlerMapping : Mapped "{[/api-u/users/binding-phone],methods=[POST]}" onto public void com.cloud.user.controller.UserController.bindingPhone(java.lang.String,java.lang.String,java.lang.String)
2019-09-03 06:51:06.685  INFO 61260 --- [main] s.w.s.m.m.a.RequestMappingHandlerMapping : Mapped "{[/api-u/users/me],methods=[PUT]}" onto public com.cloud.user.model.AppUser com.cloud.user.controller.UserController.updateMe(com.cloud.user.model.AppUser)
2019-09-03 06:51:06.686  INFO 61260 --- [main] s.w.s.m.m.a.RequestMappingHandlerMapping : Mapped "{[/api-u/users],methods=[GET]}" onto public com.cloud.util.Page<com.cloud.user.model.AppUser> com.cloud.user.controller.UserController.findUsers(java.util.Map<java.lang.String, java.lang.Object>)
2019-09-03 06:51:06.686  INFO 61260 --- [main] s.w.s.m.m.a.RequestMappingHandlerMapping : Mapped "{[/api-u/users],methods=[PUT]}" onto public void com.cloud.user.controller.UserController.updateAppUser(com.cloud.user.model.AppUser)
2019-09-03 06:51:06.686  INFO 61260 --- [main] s.w.s.m.m.a.RequestMappingHandlerMapping : Mapped "{[/api-u/users-anon/internal],methods=[GET],params=[username]}" onto public com.cloud.user.model.LoginAppUser com.cloud.user.controller.UserController.findByUsername(java.lang.String)
2019-09-03 06:51:06.687  INFO 61260 --- [main] s.w.s.m.m.a.RequestMappingHandlerMapping : Mapped "{[/api-u/users/{id}],methods=[GET]}" onto public com.cloud.user.model.AppUser com.cloud.user.controller.UserController.findUserById(java.lang.Long)
2019-09-03 06:51:06.687  INFO 61260 --- [main] s.w.s.m.m.a.RequestMappingHandlerMapping : Mapped "{[/api-u/users/{id}/password],methods=[PUT],params=[newPassword]}" onto public void com.cloud.user.controller.UserController.resetPassword(java.lang.Long,java.lang.String)
2019-09-03 06:51:06.689  INFO 61260 --- [main] s.w.s.m.m.a.RequestMappingHandlerMapping : Mapped "{[/swagger-resources]}" onto public org.springframework.http.ResponseEntity<java.util.List<springfox.documentation.swagger.web.SwaggerResource>> springfox.documentation.swagger.web.ApiResourceController.swaggerResources()
2019-09-03 06:51:06.692  INFO 61260 --- [main] s.w.s.m.m.a.RequestMappingHandlerMapping : Mapped "{[/swagger-resources/configuration/ui]}" onto public org.springframework.http.ResponseEntity<springfox.documentation.swagger.web.UiConfiguration> springfox.documentation.swagger.web.ApiResourceController.uiConfiguration()
2019-09-03 06:51:06.693  INFO 61260 --- [main] s.w.s.m.m.a.RequestMappingHandlerMapping : Mapped "{[/swagger-resources/configuration/security]}" onto public org.springframework.http.ResponseEntity<springfox.documentation.swagger.web.SecurityConfiguration> springfox.documentation.swagger.web.ApiResourceController.securityConfiguration()
2019-09-03 06:51:06.696  INFO 61260 --- [main] s.w.s.m.m.a.RequestMappingHandlerMapping : Mapped "{[/error]}" onto public org.springframework.http.ResponseEntity<java.util.Map<java.lang.String, java.lang.Object>> org.springframework.boot.autoconfigure.web.servlet.error.BasicErrorController.error(javax.servlet.http.HttpServletRequest)
2019-09-03 06:51:06.697  INFO 61260 --- [main] s.w.s.m.m.a.RequestMappingHandlerMapping : Mapped "{[/error],produces=[text/html]}" onto public org.springframework.web.servlet.ModelAndView org.springframework.boot.autoconfigure.web.servlet.error.BasicErrorController.errorHtml(javax.servlet.http.HttpServletRequest,javax.servlet.http.HttpServletResponse)
2019-09-03 06:51:06.982  INFO 61260 --- [main] o.s.s.concurrent.ThreadPoolTaskExecutor  : Initializing ExecutorService  'taskExecutor'
2019-09-03 06:51:07.055  INFO 61260 --- [main] c.c.o.s.impl.RedisClientDetailsService   : 将oauth_client_details全表刷入redis
2019-09-03 06:51:07.069  INFO 61260 --- [main] com.zaxxer.hikari.HikariDataSource       : HikariPool-1 - Starting...
2019-09-03 06:51:09.778  INFO 61260 --- [main] com.zaxxer.hikari.HikariDataSource       : HikariPool-1 - Start completed.
2019-09-03 06:51:10.065  WARN 61260 --- [main] ConfigServletWebServerApplicationContext : Exception encountered during context initialization - cancelling refresh attempt: org.springframework.beans.factory.BeanCreationException: Error creating bean with name 'accessTokenConverter' defined in class path resource [com/cloud/config/AuthorizationServerConfig.class]: Bean instantiation via factory method failed; nested exception is org.springframework.beans.BeanInstantiationException: Failed to instantiate [org.springframework.security.oauth2.provider.token.store.JwtAccessTokenConverter]: Factory method 'accessTokenConverter' threw exception; nested exception is java.lang.NoClassDefFoundError: org/springframework/security/jwt/crypto/sign/Signer
2019-09-03 06:51:10.065  INFO 61260 --- [main] o.s.s.concurrent.ThreadPoolTaskExecutor  : Shutting down ExecutorService 'taskExecutor'
2019-09-03 06:51:10.069  INFO 61260 --- [main] com.zaxxer.hikari.HikariDataSource       : HikariPool-1 - Shutdown initiated...
2019-09-03 06:51:10.550  INFO 61260 --- [main] com.zaxxer.hikari.HikariDataSource       : HikariPool-1 - Shutdown completed.
2019-09-03 06:51:10.553  INFO 61260 --- [main] o.apache.catalina.core.StandardService   : Stopping service [Tomcat]
2019-09-03 06:51:10.576  INFO 61260 --- [main] ConditionEvaluationReportLoggingListener : 

Error starting ApplicationContext. To display the conditions report re-run your application with 'debug' enabled.
2019-09-03 06:51:10.584 ERROR 61260 --- [main] o.s.boot.SpringApplication               : Application run failed

org.springframework.beans.factory.BeanCreationException: Error creating bean with name 'accessTokenConverter' defined in class path resource [com/cloud/config/AuthorizationServerConfig.class]: Bean instantiation via factory method failed; nested exception is org.springframework.beans.BeanInstantiationException: Failed to instantiate [org.springframework.security.oauth2.provider.token.store.JwtAccessTokenConverter]: Factory method 'accessTokenConverter' threw exception; nested exception is java.lang.NoClassDefFoundError: org/springframework/security/jwt/crypto/sign/Signer
	at org.springframework.beans.factory.support.ConstructorResolver.instantiateUsingFactoryMethod(ConstructorResolver.java:590) ~[spring-beans-5.0.9.RELEASE.jar:5.0.9.RELEASE]
	at org.springframework.beans.factory.support.AbstractAutowireCapableBeanFactory.instantiateUsingFactoryMethod(AbstractAutowireCapableBeanFactory.java:1247) ~[spring-beans-5.0.9.RELEASE.jar:5.0.9.RELEASE]
	at org.springframework.beans.factory.support.AbstractAutowireCapableBeanFactory.createBeanInstance(AbstractAutowireCapableBeanFactory.java:1096) ~[spring-beans-5.0.9.RELEASE.jar:5.0.9.RELEASE]
	at org.springframework.beans.factory.support.AbstractAutowireCapableBeanFactory.doCreateBean(AbstractAutowireCapableBeanFactory.java:535) ~[spring-beans-5.0.9.RELEASE.jar:5.0.9.RELEASE]
	at org.springframework.beans.factory.support.AbstractAutowireCapableBeanFactory.createBean(AbstractAutowireCapableBeanFactory.java:495) ~[spring-beans-5.0.9.RELEASE.jar:5.0.9.RELEASE]
	at org.springframework.beans.factory.support.AbstractBeanFactory.lambda$doGetBean$0(AbstractBeanFactory.java:317) ~[spring-beans-5.0.9.RELEASE.jar:5.0.9.RELEASE]
	at org.springframework.beans.factory.support.DefaultSingletonBeanRegistry.getSingleton(DefaultSingletonBeanRegistry.java:222) ~[spring-beans-5.0.9.RELEASE.jar:5.0.9.RELEASE]
	at org.springframework.beans.factory.support.AbstractBeanFactory.doGetBean(AbstractBeanFactory.java:315) ~[spring-beans-5.0.9.RELEASE.jar:5.0.9.RELEASE]
	at org.springframework.beans.factory.support.AbstractBeanFactory.getBean(AbstractBeanFactory.java:199) ~[spring-beans-5.0.9.RELEASE.jar:5.0.9.RELEASE]
	at org.springframework.beans.factory.support.DefaultListableBeanFactory.preInstantiateSingletons(DefaultListableBeanFactory.java:759) ~[spring-beans-5.0.9.RELEASE.jar:5.0.9.RELEASE]
	at org.springframework.context.support.AbstractApplicationContext.finishBeanFactoryInitialization(AbstractApplicationContext.java:869) ~[spring-context-5.0.9.RELEASE.jar:5.0.9.RELEASE]
	at org.springframework.context.support.AbstractApplicationContext.refresh(AbstractApplicationContext.java:550) ~[spring-context-5.0.9.RELEASE.jar:5.0.9.RELEASE]
	at org.springframework.boot.web.servlet.context.ServletWebServerApplicationContext.refresh(ServletWebServerApplicationContext.java:140) ~[spring-boot-2.0.5.RELEASE.jar:2.0.5.RELEASE]
	at org.springframework.boot.SpringApplication.refresh(SpringApplication.java:780) [spring-boot-2.0.5.RELEASE.jar:2.0.5.RELEASE]
	at org.springframework.boot.SpringApplication.refreshContext(SpringApplication.java:412) [spring-boot-2.0.5.RELEASE.jar:2.0.5.RELEASE]
	at org.springframework.boot.SpringApplication.run(SpringApplication.java:333) [spring-boot-2.0.5.RELEASE.jar:2.0.5.RELEASE]
	at org.springframework.boot.SpringApplication.run(SpringApplication.java:1277) [spring-boot-2.0.5.RELEASE.jar:2.0.5.RELEASE]
	at org.springframework.boot.SpringApplication.run(SpringApplication.java:1265) [spring-boot-2.0.5.RELEASE.jar:2.0.5.RELEASE]
	at com.cloud.SpringbootMybatisApplication.main(SpringbootMybatisApplication.java:14) [classes/:na]
Caused by: org.springframework.beans.BeanInstantiationException: Failed to instantiate [org.springframework.security.oauth2.provider.token.store.JwtAccessTokenConverter]: Factory method 'accessTokenConverter' threw exception; nested exception is java.lang.NoClassDefFoundError: org/springframework/security/jwt/crypto/sign/Signer
	at org.springframework.beans.factory.support.SimpleInstantiationStrategy.instantiate(SimpleInstantiationStrategy.java:185) ~[spring-beans-5.0.9.RELEASE.jar:5.0.9.RELEASE]
	at org.springframework.beans.factory.support.ConstructorResolver.instantiateUsingFactoryMethod(ConstructorResolver.java:582) ~[spring-beans-5.0.9.RELEASE.jar:5.0.9.RELEASE]
	... 18 common frames omitted
Caused by: java.lang.NoClassDefFoundError: org/springframework/security/jwt/crypto/sign/Signer
	at com.cloud.config.AuthorizationServerConfig.accessTokenConverter(AuthorizationServerConfig.java:196) ~[classes/:na]
	at com.cloud.config.AuthorizationServerConfig$$EnhancerBySpringCGLIB$$74553855.CGLIB$accessTokenConverter$3(<generated>) ~[classes/:na]
	at com.cloud.config.AuthorizationServerConfig$$EnhancerBySpringCGLIB$$74553855$$FastClassBySpringCGLIB$$cd1f0963.invoke(<generated>) ~[classes/:na]
	at org.springframework.cglib.proxy.MethodProxy.invokeSuper(MethodProxy.java:228) ~[spring-core-5.0.9.RELEASE.jar:5.0.9.RELEASE]
	at org.springframework.context.annotation.ConfigurationClassEnhancer$BeanMethodInterceptor.intercept(ConfigurationClassEnhancer.java:365) ~[spring-context-5.0.9.RELEASE.jar:5.0.9.RELEASE]
	at com.cloud.config.AuthorizationServerConfig$$EnhancerBySpringCGLIB$$74553855.accessTokenConverter(<generated>) ~[classes/:na]
	at sun.reflect.NativeMethodAccessorImpl.invoke0(Native Method) ~[na:1.8.0_131]
	at sun.reflect.NativeMethodAccessorImpl.invoke(NativeMethodAccessorImpl.java:62) ~[na:1.8.0_131]
	at sun.reflect.DelegatingMethodAccessorImpl.invoke(DelegatingMethodAccessorImpl.java:43) ~[na:1.8.0_131]
	at java.lang.reflect.Method.invoke(Method.java:498) ~[na:1.8.0_131]
	at org.springframework.beans.factory.support.SimpleInstantiationStrategy.instantiate(SimpleInstantiationStrategy.java:154) ~[spring-beans-5.0.9.RELEASE.jar:5.0.9.RELEASE]
	... 19 common frames omitted
Caused by: java.lang.ClassNotFoundException: org.springframework.security.jwt.crypto.sign.Signer
	at java.net.URLClassLoader.findClass(URLClassLoader.java:381) ~[na:1.8.0_131]
	at java.lang.ClassLoader.loadClass(ClassLoader.java:424) ~[na:1.8.0_131]
	at sun.misc.Launcher$AppClassLoader.loadClass(Launcher.java:335) ~[na:1.8.0_131]
	at java.lang.ClassLoader.loadClass(ClassLoader.java:357) ~[na:1.8.0_131]
	... 30 common frames omitted

